<?xml version="1.0"?>
<testsuite name="HeadlessChrome 98.0.4758 (Windows 10.0.0)" package="" timestamp="2022-02-05T07:08:06" id="0" hostname="DEEPAKKN-PC" tests="3" errors="0" failures="0" time="0.117">
  <properties>
    <property name="browser.fullName" value="Mozilla/5.0 (Windows NT 10.0; Win64; x64) AppleWebKit/537.36 (KHTML, like Gecko) HeadlessChrome/98.0.4758.81 Safari/537.36"/>
  </properties>
  <testcase name="Validation.vue Check validation for validtitle and whitespace" time="0.066" classname="HeadlessChrome_98_0_4758_(Windows_10_0_0).Validation.vue"/>
  <testcase name="Validation.vue Check validation for minimum characters and numbers" time="0.023" classname="HeadlessChrome_98_0_4758_(Windows_10_0_0).Validation.vue"/>
  <testcase name="Validation.vue Check validation for special characters" time="0.028" classname="HeadlessChrome_98_0_4758_(Windows_10_0_0).Validation.vue"/>
  <system-out>
    <![CDATA[
]]>
  </system-out>
  <system-err/>
</testsuite>